
  .   ____          _            __ _ _
 /\\ / ___'_ __ _ _(_)_ __  __ _ \ \ \ \
( ( )\___ | '_ | '_| | '_ \/ _` | \ \ \ \
 \\/  ___)| |_)| | | | | || (_| |  ) ) ) )
  '  |____| .__|_| |_|_| |_\__, | / / / /
 =========|_|==============|___/=/_/_/_/

 :: Spring Boot ::                (v3.5.0)

2026-04-14T02:33:01.772+05:30  INFO 72436 --- [auth-service] [           main] c.h.auth.AuthServiceApplication          : Starting AuthServiceApplication v0.0.1-SNAPSHOT using Java 25.0.2 with PID 72436 (/Users/shivang.shukla/Desktop/Alan/HireConnect---Job-Platform/auth-service/target/auth-service-0.0.1-SNAPSHOT.jar started by shivang.shukla in /Users/shivang.shukla/Desktop/Alan/HireConnect---Job-Platform/auth-service)
2026-04-14T02:33:01.774+05:30 DEBUG 72436 --- [auth-service] [           main] c.h.auth.AuthServiceApplication          : Running with Spring Boot v3.5.0, Spring v6.2.7
2026-04-14T02:33:01.774+05:30  INFO 72436 --- [auth-service] [           main] c.h.auth.AuthServiceApplication          : No active profile set, falling back to 1 default profile: "default"
2026-04-14T02:33:05.915+05:30  INFO 72436 --- [auth-service] [           main] .s.d.r.c.RepositoryConfigurationDelegate : Multiple Spring Data modules found, entering strict repository configuration mode
2026-04-14T02:33:05.918+05:30  INFO 72436 --- [auth-service] [           main] .s.d.r.c.RepositoryConfigurationDelegate : Bootstrapping Spring Data JPA repositories in DEFAULT mode.
2026-04-14T02:33:06.308+05:30  INFO 72436 --- [auth-service] [           main] .s.d.r.c.RepositoryConfigurationDelegate : Finished Spring Data repository scanning in 369 ms. Found 2 JPA repository interfaces.
2026-04-14T02:33:06.361+05:30  INFO 72436 --- [auth-service] [           main] .s.d.r.c.RepositoryConfigurationDelegate : Multiple Spring Data modules found, entering strict repository configuration mode
2026-04-14T02:33:06.364+05:30  INFO 72436 --- [auth-service] [           main] .s.d.r.c.RepositoryConfigurationDelegate : Bootstrapping Spring Data Redis repositories in DEFAULT mode.
2026-04-14T02:33:06.395+05:30  INFO 72436 --- [auth-service] [           main] .RepositoryConfigurationExtensionSupport : Spring Data Redis - Could not safely identify store assignment for repository candidate interface com.hireconnect.auth.repository.AuthRepository; If you want this repository to be a Redis repository, consider annotating your entities with one of these annotations: org.springframework.data.redis.core.RedisHash (preferred), or consider extending one of the following types with your repository: org.springframework.data.keyvalue.repository.KeyValueRepository
2026-04-14T02:33:06.395+05:30  INFO 72436 --- [auth-service] [           main] .RepositoryConfigurationExtensionSupport : Spring Data Redis - Could not safely identify store assignment for repository candidate interface com.hireconnect.auth.repository.RefreshTokenRepository; If you want this repository to be a Redis repository, consider annotating your entities with one of these annotations: org.springframework.data.redis.core.RedisHash (preferred), or consider extending one of the following types with your repository: org.springframework.data.keyvalue.repository.KeyValueRepository
2026-04-14T02:33:06.395+05:30  INFO 72436 --- [auth-service] [           main] .s.d.r.c.RepositoryConfigurationDelegate : Finished Spring Data repository scanning in 10 ms. Found 0 Redis repository interfaces.
2026-04-14T02:33:07.205+05:30  INFO 72436 --- [auth-service] [           main] o.s.cloud.context.scope.GenericScope     : BeanFactory id=3e468ba3-0375-3085-9433-77a18217754a
2026-04-14T02:33:08.338+05:30  INFO 72436 --- [auth-service] [           main] o.s.b.w.embedded.tomcat.TomcatWebServer  : Tomcat initialized with port 8081 (http)
2026-04-14T02:33:08.360+05:30  INFO 72436 --- [auth-service] [           main] o.apache.catalina.core.StandardService   : Starting service [Tomcat]
2026-04-14T02:33:08.360+05:30  INFO 72436 --- [auth-service] [           main] o.apache.catalina.core.StandardEngine    : Starting Servlet engine: [Apache Tomcat/10.1.41]
2026-04-14T02:33:08.410+05:30  INFO 72436 --- [auth-service] [           main] o.a.c.c.C.[Tomcat].[localhost].[/]       : Initializing Spring embedded WebApplicationContext
2026-04-14T02:33:08.412+05:30  INFO 72436 --- [auth-service] [           main] w.s.c.ServletWebServerApplicationContext : Root WebApplicationContext: initialization completed in 6516 ms
2026-04-14T02:33:09.653+05:30 DEBUG 72436 --- [auth-service] [           main] c.h.auth.config.JwtAuthenticationFilter  : Filter 'jwtAuthenticationFilter' configured for use
2026-04-14T02:33:09.913+05:30  INFO 72436 --- [auth-service] [           main] o.hibernate.jpa.internal.util.LogHelper  : HHH000204: Processing PersistenceUnitInfo [name: default]
2026-04-14T02:33:10.034+05:30  INFO 72436 --- [auth-service] [           main] org.hibernate.Version                    : HHH000412: Hibernate ORM core version 6.6.15.Final
2026-04-14T02:33:10.096+05:30  INFO 72436 --- [auth-service] [           main] o.h.c.internal.RegionFactoryInitiator    : HHH000026: Second-level cache disabled
2026-04-14T02:33:10.954+05:30  INFO 72436 --- [auth-service] [           main] o.s.o.j.p.SpringPersistenceUnitInfo      : No LoadTimeWeaver setup: ignoring JPA class transformer
2026-04-14T02:33:11.015+05:30  INFO 72436 --- [auth-service] [           main] com.zaxxer.hikari.HikariDataSource       : HikariPool-1 - Starting...
2026-04-14T02:33:11.682+05:30  INFO 72436 --- [auth-service] [           main] com.zaxxer.hikari.pool.HikariPool        : HikariPool-1 - Added connection com.mysql.cj.jdbc.ConnectionImpl@75559cd9
2026-04-14T02:33:11.696+05:30  INFO 72436 --- [auth-service] [           main] com.zaxxer.hikari.HikariDataSource       : HikariPool-1 - Start completed.
2026-04-14T02:33:11.813+05:30  WARN 72436 --- [auth-service] [           main] org.hibernate.orm.deprecation            : HHH90000025: MySQLDialect does not need to be specified explicitly using 'hibernate.dialect' (remove the property setting and it will be selected by default)
2026-04-14T02:33:11.927+05:30  INFO 72436 --- [auth-service] [           main] org.hibernate.orm.connections.pooling    : HHH10001005: Database info:
	Database JDBC URL [Connecting through datasource 'HikariDataSource (HikariPool-1)']
	Database driver: undefined/unknown
	Database version: 9.6
	Autocommit mode: undefined/unknown
	Isolation level: undefined/unknown
	Minimum pool size: undefined/unknown
	Maximum pool size: undefined/unknown
2026-04-14T02:33:13.649+05:30  INFO 72436 --- [auth-service] [           main] o.h.e.t.j.p.i.JtaPlatformInitiator       : HHH000489: No JTA platform available (set 'hibernate.transaction.jta.platform' to enable JTA platform integration)
Hibernate: 
    alter table user_credentials 
       modify column provider enum ('GITHUB','LOCAL') not null
Hibernate: 
    alter table user_credentials 
       modify column role enum ('ADMIN','CANDIDATE','RECRUITER') not null
2026-04-14T02:33:13.742+05:30  INFO 72436 --- [auth-service] [           main] j.LocalContainerEntityManagerFactoryBean : Initialized JPA EntityManagerFactory for persistence unit 'default'
2026-04-14T02:33:15.076+05:30  WARN 72436 --- [auth-service] [           main] JpaBaseConfiguration$JpaWebConfiguration : spring.jpa.open-in-view is enabled by default. Therefore, database queries may be performed during view rendering. Explicitly configure spring.jpa.open-in-view to disable this warning
2026-04-14T02:33:15.193+05:30 DEBUG 72436 --- [auth-service] [           main] swordEncoderAuthenticationManagerBuilder : No authenticationProviders and no parentAuthenticationManager defined. Returning null.
2026-04-14T02:33:16.348+05:30  INFO 72436 --- [auth-service] [           main] o.s.b.a.e.web.EndpointLinksResolver      : Exposing 3 endpoints beneath base path '/actuator'
2026-04-14T02:33:16.551+05:30 DEBUG 72436 --- [auth-service] [           main] o.s.s.web.DefaultSecurityFilterChain     : Will secure any request with filters: DisableEncodeUrlFilter, WebAsyncManagerIntegrationFilter, SecurityContextHolderFilter, HeaderWriterFilter, LogoutFilter, OAuth2AuthorizationRequestRedirectFilter, OAuth2LoginAuthenticationFilter, JwtAuthenticationFilter, DefaultResourcesFilter, DefaultLoginPageGeneratingFilter, DefaultLogoutPageGeneratingFilter, RequestCacheAwareFilter, SecurityContextHolderAwareRequestFilter, AnonymousAuthenticationFilter, SessionManagementFilter, ExceptionTranslationFilter, AuthorizationFilter
2026-04-14T02:33:17.546+05:30  INFO 72436 --- [auth-service] [           main] DiscoveryClientOptionalArgsConfiguration : Eureka HTTP Client uses RestTemplate.
2026-04-14T02:33:17.624+05:30  WARN 72436 --- [auth-service] [           main] iguration$LoadBalancerCaffeineWarnLogger : Spring Cloud LoadBalancer is currently working with the default cache. While this cache implementation is useful for development and tests, it's recommended to use Caffeine cache in production.You can switch to using Caffeine cache, by adding it and org.springframework.cache.caffeine.CaffeineCacheManager to the classpath.
2026-04-14T02:33:17.799+05:30  INFO 72436 --- [auth-service] [           main] o.s.c.n.eureka.InstanceInfoFactory       : Setting initial instance status as: STARTING
2026-04-14T02:33:17.852+05:30  INFO 72436 --- [auth-service] [           main] com.netflix.discovery.DiscoveryClient    : Initializing Eureka in region us-east-1
2026-04-14T02:33:17.860+05:30  INFO 72436 --- [auth-service] [           main] c.n.d.s.r.aws.ConfigClusterResolver      : Resolving eureka endpoints via configuration
2026-04-14T02:33:17.879+05:30  INFO 72436 --- [auth-service] [           main] com.netflix.discovery.DiscoveryClient    : Disable delta property : false
2026-04-14T02:33:17.879+05:30  INFO 72436 --- [auth-service] [           main] com.netflix.discovery.DiscoveryClient    : Single vip registry refresh property : null
2026-04-14T02:33:17.879+05:30  INFO 72436 --- [auth-service] [           main] com.netflix.discovery.DiscoveryClient    : Force full registry fetch : false
2026-04-14T02:33:17.879+05:30  INFO 72436 --- [auth-service] [           main] com.netflix.discovery.DiscoveryClient    : Application is null : false
2026-04-14T02:33:17.879+05:30  INFO 72436 --- [auth-service] [           main] com.netflix.discovery.DiscoveryClient    : Registered Applications size is zero : true
2026-04-14T02:33:17.880+05:30  INFO 72436 --- [auth-service] [           main] com.netflix.discovery.DiscoveryClient    : Application version is -1: true
2026-04-14T02:33:17.880+05:30  INFO 72436 --- [auth-service] [           main] com.netflix.discovery.DiscoveryClient    : Getting all instance registry info from the eureka server
2026-04-14T02:33:18.569+05:30  INFO 72436 --- [auth-service] [           main] com.netflix.discovery.DiscoveryClient    : The response status is 200
2026-04-14T02:33:18.573+05:30  INFO 72436 --- [auth-service] [           main] com.netflix.discovery.DiscoveryClient    : Starting heartbeat executor: renew interval is: 30
2026-04-14T02:33:18.576+05:30  INFO 72436 --- [auth-service] [           main] c.n.discovery.InstanceInfoReplicator     : InstanceInfoReplicator onDemand update allowed rate per min is 4
2026-04-14T02:33:18.578+05:30  INFO 72436 --- [auth-service] [           main] com.netflix.discovery.DiscoveryClient    : Discovery Client initialized at timestamp 1776114198577 with initial instances count: 10
2026-04-14T02:33:18.585+05:30  INFO 72436 --- [auth-service] [           main] o.s.c.n.e.s.EurekaServiceRegistry        : Registering application AUTH-SERVICE with eureka with status UP
2026-04-14T02:33:18.585+05:30  INFO 72436 --- [auth-service] [           main] com.netflix.discovery.DiscoveryClient    : Saw local status change event StatusChangeEvent [timestamp=1776114198585, current=UP, previous=STARTING]
2026-04-14T02:33:18.588+05:30  INFO 72436 --- [auth-service] [foReplicator-%d] com.netflix.discovery.DiscoveryClient    : DiscoveryClient_AUTH-SERVICE/auth-service:8081: registering service...
2026-04-14T02:33:18.604+05:30  INFO 72436 --- [auth-service] [           main] o.s.b.w.embedded.tomcat.TomcatWebServer  : Tomcat started on port 8081 (http) with context path '/'
2026-04-14T02:33:18.606+05:30  INFO 72436 --- [auth-service] [           main] .s.c.n.e.s.EurekaAutoServiceRegistration : Updating port to 8081
2026-04-14T02:33:18.642+05:30  INFO 72436 --- [auth-service] [           main] c.h.auth.AuthServiceApplication          : Started AuthServiceApplication in 18.084 seconds (process running for 19.283)
2026-04-14T02:33:18.692+05:30  INFO 72436 --- [auth-service] [foReplicator-%d] com.netflix.discovery.DiscoveryClient    : DiscoveryClient_AUTH-SERVICE/auth-service:8081 - registration status: 204
2026-04-14T02:33:18.778+05:30  INFO 72436 --- [auth-service] [           main] com.hireconnect.auth.seed.DataSeeder     : 🌱 Starting data seeding...
Hibernate: 
    select
        count(*) 
    from
        user_credentials uc1_0
2026-04-14T02:33:19.266+05:30  INFO 72436 --- [auth-service] [           main] com.hireconnect.auth.seed.DataSeeder     : ℹ️ Database already contains data, skipping seeding.
2026-04-14T02:33:35.785+05:30  INFO 72436 --- [auth-service] [nio-8081-exec-1] o.a.c.c.C.[Tomcat].[localhost].[/]       : Initializing Spring DispatcherServlet 'dispatcherServlet'
2026-04-14T02:33:35.785+05:30  INFO 72436 --- [auth-service] [nio-8081-exec-1] o.s.web.servlet.DispatcherServlet        : Initializing Servlet 'dispatcherServlet'
2026-04-14T02:33:35.787+05:30  INFO 72436 --- [auth-service] [nio-8081-exec-1] o.s.web.servlet.DispatcherServlet        : Completed initialization in 1 ms
2026-04-14T02:33:35.992+05:30 DEBUG 72436 --- [auth-service] [nio-8081-exec-1] o.s.security.web.FilterChainProxy        : Securing GET /oauth2/authorization/github
2026-04-14T02:33:36.059+05:30 DEBUG 72436 --- [auth-service] [nio-8081-exec-1] o.s.s.web.DefaultRedirectStrategy        : Redirecting to https://github.com/login/oauth/authorize?response_type=code&client_id=Ov23liU47AbMhZIJLEtZ&scope=user:email&state=O-FCyKxCP8g_3FdGzJtvnzbXzY_M96svwcsjPOsks5Y%3D&redirect_uri=http://localhost:8080/login/oauth2/code/github
2026-04-14T02:33:37.037+05:30 DEBUG 72436 --- [auth-service] [nio-8081-exec-2] o.s.security.web.FilterChainProxy        : Securing GET /login/oauth2/code/github?code=f6537c0327c5305e2d61&state=O-FCyKxCP8g_3FdGzJtvnzbXzY_M96svwcsjPOsks5Y%3D
2026-04-14T02:33:38.957+05:30 DEBUG 72436 --- [auth-service] [nio-8081-exec-2] .s.ChangeSessionIdAuthenticationStrategy : Changed session id from B449BE35213D51EA6F1FB7B9487966CE
2026-04-14T02:33:38.965+05:30 DEBUG 72436 --- [auth-service] [nio-8081-exec-2] w.c.HttpSessionSecurityContextRepository : Stored SecurityContextImpl [Authentication=OAuth2AuthenticationToken [Principal=Name: [32478730], Granted Authorities: [[OAUTH2_USER, SCOPE_user:email]], User Attributes: [{login=shivangshukla7020, id=32478730, node_id=MDQ6VXNlcjMyNDc4NzMw, avatar_url=https://avatars.githubusercontent.com/u/32478730?v=4, gravatar_id=, url=https://api.github.com/users/shivangshukla7020, html_url=https://github.com/shivangshukla7020, followers_url=https://api.github.com/users/shivangshukla7020/followers, following_url=https://api.github.com/users/shivangshukla7020/following{/other_user}, gists_url=https://api.github.com/users/shivangshukla7020/gists{/gist_id}, starred_url=https://api.github.com/users/shivangshukla7020/starred{/owner}{/repo}, subscriptions_url=https://api.github.com/users/shivangshukla7020/subscriptions, organizations_url=https://api.github.com/users/shivangshukla7020/orgs, repos_url=https://api.github.com/users/shivangshukla7020/repos, events_url=https://api.github.com/users/shivangshukla7020/events{/privacy}, received_events_url=https://api.github.com/users/shivangshukla7020/received_events, type=User, user_view_type=public, site_admin=false, name=Shivang Shukla, company=null, blog=, location=India, email=shivang.shukla_cs22@gla.ac.in, hireable=null, bio=I can write as many amazing lines of code as possible to run helpful software, towards my graduation in computer science and a part time video editor., twitter_username=null, notification_email=shivang.shukla_cs22@gla.ac.in, public_repos=36, public_gists=0, followers=5, following=3, created_at=2017-10-03T07:51:30Z, updated_at=2026-04-13T19:23:56Z}], Credentials=[PROTECTED], Authenticated=true, Details=WebAuthenticationDetails [RemoteIpAddress=[0:0:0:0:0:0:0:1], SessionId=B449BE35213D51EA6F1FB7B9487966CE], Granted Authorities=[OAUTH2_USER, SCOPE_user:email]]] to HttpSession [org.apache.catalina.session.StandardSessionFacade@58d80c6f]
2026-04-14T02:33:38.966+05:30 DEBUG 72436 --- [auth-service] [nio-8081-exec-2] .s.o.c.w.OAuth2LoginAuthenticationFilter : Set SecurityContextHolder to OAuth2AuthenticationToken [Principal=Name: [32478730], Granted Authorities: [[OAUTH2_USER, SCOPE_user:email]], User Attributes: [{login=shivangshukla7020, id=32478730, node_id=MDQ6VXNlcjMyNDc4NzMw, avatar_url=https://avatars.githubusercontent.com/u/32478730?v=4, gravatar_id=, url=https://api.github.com/users/shivangshukla7020, html_url=https://github.com/shivangshukla7020, followers_url=https://api.github.com/users/shivangshukla7020/followers, following_url=https://api.github.com/users/shivangshukla7020/following{/other_user}, gists_url=https://api.github.com/users/shivangshukla7020/gists{/gist_id}, starred_url=https://api.github.com/users/shivangshukla7020/starred{/owner}{/repo}, subscriptions_url=https://api.github.com/users/shivangshukla7020/subscriptions, organizations_url=https://api.github.com/users/shivangshukla7020/orgs, repos_url=https://api.github.com/users/shivangshukla7020/repos, events_url=https://api.github.com/users/shivangshukla7020/events{/privacy}, received_events_url=https://api.github.com/users/shivangshukla7020/received_events, type=User, user_view_type=public, site_admin=false, name=Shivang Shukla, company=null, blog=, location=India, email=shivang.shukla_cs22@gla.ac.in, hireable=null, bio=I can write as many amazing lines of code as possible to run helpful software, towards my graduation in computer science and a part time video editor., twitter_username=null, notification_email=shivang.shukla_cs22@gla.ac.in, public_repos=36, public_gists=0, followers=5, following=3, created_at=2017-10-03T07:51:30Z, updated_at=2026-04-13T19:23:56Z}], Credentials=[PROTECTED], Authenticated=true, Details=WebAuthenticationDetails [RemoteIpAddress=[0:0:0:0:0:0:0:1], SessionId=B449BE35213D51EA6F1FB7B9487966CE], Granted Authorities=[OAUTH2_USER, SCOPE_user:email]]
Hibernate: 
    select
        uc1_0.id,
        uc1_0.active,
        uc1_0.created_at,
        uc1_0.email,
        uc1_0.last_login_at,
        uc1_0.mobile_number,
        uc1_0.password,
        uc1_0.provider,
        uc1_0.role 
    from
        user_credentials uc1_0 
    where
        uc1_0.email=?
Hibernate: 
    select
        rt1_0.id,
        rt1_0.expiry_date,
        rt1_0.token,
        rt1_0.user_id 
    from
        refresh_tokens rt1_0 
    where
        rt1_0.user_id=?
Hibernate: 
    select
        rt1_0.id,
        rt1_0.expiry_date,
        rt1_0.token,
        rt1_0.user_id 
    from
        refresh_tokens rt1_0 
    where
        rt1_0.id=?
Hibernate: 
    insert 
    into
        refresh_tokens
        (expiry_date, token, user_id, id) 
    values
        (?, ?, ?, ?)
Hibernate: 
    delete 
    from
        refresh_tokens 
    where
        id=?
2026-04-14T02:33:39.424+05:30 DEBUG 72436 --- [auth-service] [nio-8081-exec-3] o.s.security.web.FilterChainProxy        : Securing GET /auth/validate
2026-04-14T02:33:40.242+05:30 DEBUG 72436 --- [auth-service] [nio-8081-exec-3] w.c.HttpSessionSecurityContextRepository : Stored SecurityContextImpl [Authentication=UsernamePasswordAuthenticationToken [Principal=shivang.shukla_cs22@gla.ac.in, Credentials=[PROTECTED], Authenticated=true, Details=WebAuthenticationDetails [RemoteIpAddress=[0:0:0:0:0:0:0:1], SessionId=null], Granted Authorities=[ROLE_CANDIDATE]]] to HttpSession [org.apache.catalina.session.StandardSessionFacade@5d97da71]
2026-04-14T02:33:40.247+05:30 DEBUG 72436 --- [auth-service] [nio-8081-exec-3] o.s.security.web.FilterChainProxy        : Secured GET /auth/validate
2026-04-14T02:33:40.380+05:30 DEBUG 72436 --- [auth-service] [nio-8081-exec-4] o.s.security.web.FilterChainProxy        : Securing GET /auth/validate
2026-04-14T02:33:40.396+05:30 DEBUG 72436 --- [auth-service] [nio-8081-exec-4] w.c.HttpSessionSecurityContextRepository : Stored SecurityContextImpl [Authentication=UsernamePasswordAuthenticationToken [Principal=shivang.shukla_cs22@gla.ac.in, Credentials=[PROTECTED], Authenticated=true, Details=WebAuthenticationDetails [RemoteIpAddress=[0:0:0:0:0:0:0:1], SessionId=null], Granted Authorities=[ROLE_CANDIDATE]]] to HttpSession [org.apache.catalina.session.StandardSessionFacade@f9b2adb]
2026-04-14T02:33:40.398+05:30 DEBUG 72436 --- [auth-service] [nio-8081-exec-4] o.s.security.web.FilterChainProxy        : Secured GET /auth/validate
2026-04-14T02:34:04.076+05:30 DEBUG 72436 --- [auth-service] [nio-8081-exec-6] o.s.security.web.FilterChainProxy        : Securing GET /auth/validate
2026-04-14T02:34:04.093+05:30 DEBUG 72436 --- [auth-service] [nio-8081-exec-6] w.c.HttpSessionSecurityContextRepository : Stored SecurityContextImpl [Authentication=UsernamePasswordAuthenticationToken [Principal=shivang.shukla_cs22@gla.ac.in, Credentials=[PROTECTED], Authenticated=true, Details=WebAuthenticationDetails [RemoteIpAddress=[0:0:0:0:0:0:0:1], SessionId=null], Granted Authorities=[ROLE_CANDIDATE]]] to HttpSession [org.apache.catalina.session.StandardSessionFacade@35fb511c]
2026-04-14T02:34:04.094+05:30 DEBUG 72436 --- [auth-service] [nio-8081-exec-6] o.s.security.web.FilterChainProxy        : Secured GET /auth/validate
2026-04-14T02:34:04.181+05:30 DEBUG 72436 --- [auth-service] [nio-8081-exec-7] o.s.security.web.FilterChainProxy        : Securing GET /auth/validate
2026-04-14T02:34:04.194+05:30 DEBUG 72436 --- [auth-service] [nio-8081-exec-7] w.c.HttpSessionSecurityContextRepository : Stored SecurityContextImpl [Authentication=UsernamePasswordAuthenticationToken [Principal=shivang.shukla_cs22@gla.ac.in, Credentials=[PROTECTED], Authenticated=true, Details=WebAuthenticationDetails [RemoteIpAddress=[0:0:0:0:0:0:0:1], SessionId=null], Granted Authorities=[ROLE_CANDIDATE]]] to HttpSession [org.apache.catalina.session.StandardSessionFacade@7e702f98]
2026-04-14T02:34:04.195+05:30 DEBUG 72436 --- [auth-service] [nio-8081-exec-7] o.s.security.web.FilterChainProxy        : Secured GET /auth/validate
2026-04-14T02:34:26.019+05:30 DEBUG 72436 --- [auth-service] [nio-8081-exec-5] o.s.security.web.FilterChainProxy        : Securing GET /auth/validate
2026-04-14T02:34:26.035+05:30 DEBUG 72436 --- [auth-service] [nio-8081-exec-5] w.c.HttpSessionSecurityContextRepository : Stored SecurityContextImpl [Authentication=UsernamePasswordAuthenticationToken [Principal=shivang.shukla_cs22@gla.ac.in, Credentials=[PROTECTED], Authenticated=true, Details=WebAuthenticationDetails [RemoteIpAddress=[0:0:0:0:0:0:0:1], SessionId=null], Granted Authorities=[ROLE_CANDIDATE]]] to HttpSession [org.apache.catalina.session.StandardSessionFacade@795267d7]
2026-04-14T02:34:26.038+05:30 DEBUG 72436 --- [auth-service] [nio-8081-exec-5] o.s.security.web.FilterChainProxy        : Secured GET /auth/validate
2026-04-14T02:34:26.075+05:30 DEBUG 72436 --- [auth-service] [nio-8081-exec-8] o.s.security.web.FilterChainProxy        : Securing GET /auth/validate
2026-04-14T02:34:26.092+05:30 DEBUG 72436 --- [auth-service] [nio-8081-exec-8] w.c.HttpSessionSecurityContextRepository : Stored SecurityContextImpl [Authentication=UsernamePasswordAuthenticationToken [Principal=shivang.shukla_cs22@gla.ac.in, Credentials=[PROTECTED], Authenticated=true, Details=WebAuthenticationDetails [RemoteIpAddress=[0:0:0:0:0:0:0:1], SessionId=null], Granted Authorities=[ROLE_CANDIDATE]]] to HttpSession [org.apache.catalina.session.StandardSessionFacade@79a9d5ab]
2026-04-14T02:34:26.093+05:30 DEBUG 72436 --- [auth-service] [nio-8081-exec-8] o.s.security.web.FilterChainProxy        : Secured GET /auth/validate
2026-04-14T02:34:27.083+05:30 DEBUG 72436 --- [auth-service] [nio-8081-exec-9] o.s.security.web.FilterChainProxy        : Securing GET /auth/validate
2026-04-14T02:34:27.102+05:30 DEBUG 72436 --- [auth-service] [nio-8081-exec-9] w.c.HttpSessionSecurityContextRepository : Stored SecurityContextImpl [Authentication=UsernamePasswordAuthenticationToken [Principal=shivang.shukla_cs22@gla.ac.in, Credentials=[PROTECTED], Authenticated=true, Details=WebAuthenticationDetails [RemoteIpAddress=[0:0:0:0:0:0:0:1], SessionId=null], Granted Authorities=[ROLE_CANDIDATE]]] to HttpSession [org.apache.catalina.session.StandardSessionFacade@6acce294]
2026-04-14T02:34:27.105+05:30 DEBUG 72436 --- [auth-service] [nio-8081-exec-9] o.s.security.web.FilterChainProxy        : Secured GET /auth/validate
2026-04-14T02:34:27.142+05:30 DEBUG 72436 --- [auth-service] [io-8081-exec-10] o.s.security.web.FilterChainProxy        : Securing GET /auth/validate
2026-04-14T02:34:27.160+05:30 DEBUG 72436 --- [auth-service] [io-8081-exec-10] w.c.HttpSessionSecurityContextRepository : Stored SecurityContextImpl [Authentication=UsernamePasswordAuthenticationToken [Principal=shivang.shukla_cs22@gla.ac.in, Credentials=[PROTECTED], Authenticated=true, Details=WebAuthenticationDetails [RemoteIpAddress=[0:0:0:0:0:0:0:1], SessionId=null], Granted Authorities=[ROLE_CANDIDATE]]] to HttpSession [org.apache.catalina.session.StandardSessionFacade@1ba05454]
2026-04-14T02:34:27.161+05:30 DEBUG 72436 --- [auth-service] [io-8081-exec-10] o.s.security.web.FilterChainProxy        : Secured GET /auth/validate
2026-04-14T02:34:28.518+05:30 DEBUG 72436 --- [auth-service] [nio-8081-exec-1] o.s.security.web.FilterChainProxy        : Securing GET /auth/validate
2026-04-14T02:34:28.535+05:30 DEBUG 72436 --- [auth-service] [nio-8081-exec-1] w.c.HttpSessionSecurityContextRepository : Stored SecurityContextImpl [Authentication=UsernamePasswordAuthenticationToken [Principal=shivang.shukla_cs22@gla.ac.in, Credentials=[PROTECTED], Authenticated=true, Details=WebAuthenticationDetails [RemoteIpAddress=[0:0:0:0:0:0:0:1], SessionId=null], Granted Authorities=[ROLE_CANDIDATE]]] to HttpSession [org.apache.catalina.session.StandardSessionFacade@6712ad22]
2026-04-14T02:34:28.536+05:30 DEBUG 72436 --- [auth-service] [nio-8081-exec-1] o.s.security.web.FilterChainProxy        : Secured GET /auth/validate
2026-04-14T02:34:28.576+05:30 DEBUG 72436 --- [auth-service] [nio-8081-exec-2] o.s.security.web.FilterChainProxy        : Securing GET /auth/validate
2026-04-14T02:34:28.592+05:30 DEBUG 72436 --- [auth-service] [nio-8081-exec-2] w.c.HttpSessionSecurityContextRepository : Stored SecurityContextImpl [Authentication=UsernamePasswordAuthenticationToken [Principal=shivang.shukla_cs22@gla.ac.in, Credentials=[PROTECTED], Authenticated=true, Details=WebAuthenticationDetails [RemoteIpAddress=[0:0:0:0:0:0:0:1], SessionId=null], Granted Authorities=[ROLE_CANDIDATE]]] to HttpSession [org.apache.catalina.session.StandardSessionFacade@540de22b]
2026-04-14T02:34:28.592+05:30 DEBUG 72436 --- [auth-service] [nio-8081-exec-2] o.s.security.web.FilterChainProxy        : Secured GET /auth/validate
2026-04-14T02:34:56.991+05:30 DEBUG 72436 --- [auth-service] [nio-8081-exec-3] o.s.security.web.FilterChainProxy        : Securing GET /auth/validate
2026-04-14T02:34:57.025+05:30 DEBUG 72436 --- [auth-service] [nio-8081-exec-3] w.c.HttpSessionSecurityContextRepository : Stored SecurityContextImpl [Authentication=UsernamePasswordAuthenticationToken [Principal=shivang.shukla_cs22@gla.ac.in, Credentials=[PROTECTED], Authenticated=true, Details=WebAuthenticationDetails [RemoteIpAddress=[0:0:0:0:0:0:0:1], SessionId=null], Granted Authorities=[ROLE_CANDIDATE]]] to HttpSession [org.apache.catalina.session.StandardSessionFacade@48a25a70]
2026-04-14T02:34:57.026+05:30 DEBUG 72436 --- [auth-service] [nio-8081-exec-3] o.s.security.web.FilterChainProxy        : Secured GET /auth/validate
2026-04-14T02:34:57.073+05:30 DEBUG 72436 --- [auth-service] [nio-8081-exec-4] o.s.security.web.FilterChainProxy        : Securing GET /auth/validate
2026-04-14T02:34:57.090+05:30 DEBUG 72436 --- [auth-service] [nio-8081-exec-4] w.c.HttpSessionSecurityContextRepository : Stored SecurityContextImpl [Authentication=UsernamePasswordAuthenticationToken [Principal=shivang.shukla_cs22@gla.ac.in, Credentials=[PROTECTED], Authenticated=true, Details=WebAuthenticationDetails [RemoteIpAddress=[0:0:0:0:0:0:0:1], SessionId=null], Granted Authorities=[ROLE_CANDIDATE]]] to HttpSession [org.apache.catalina.session.StandardSessionFacade@e391099]
2026-04-14T02:34:57.090+05:30 DEBUG 72436 --- [auth-service] [nio-8081-exec-4] o.s.security.web.FilterChainProxy        : Secured GET /auth/validate
2026-04-14T02:35:21.572+05:30 DEBUG 72436 --- [auth-service] [nio-8081-exec-6] o.s.security.web.FilterChainProxy        : Securing GET /oauth2/authorization/github
2026-04-14T02:35:21.577+05:30 DEBUG 72436 --- [auth-service] [nio-8081-exec-6] o.s.s.web.DefaultRedirectStrategy        : Redirecting to https://github.com/login/oauth/authorize?response_type=code&client_id=Ov23liU47AbMhZIJLEtZ&scope=user:email&state=IFKpb9nhbz1LOQZ4FUTGlOKaBtoU481T8CZ2qAixmJI%3D&redirect_uri=http://localhost:8080/login/oauth2/code/github
2026-04-14T02:35:23.672+05:30 DEBUG 72436 --- [auth-service] [nio-8081-exec-7] o.s.security.web.FilterChainProxy        : Securing GET /login/oauth2/code/github?code=5033bc32a98bcd1e57af&state=IFKpb9nhbz1LOQZ4FUTGlOKaBtoU481T8CZ2qAixmJI%3D
2026-04-14T02:35:25.353+05:30 DEBUG 72436 --- [auth-service] [nio-8081-exec-7] .s.ChangeSessionIdAuthenticationStrategy : Changed session id from 68008D0D8358AED4A3C5FBEA52724EE6
2026-04-14T02:35:25.355+05:30 DEBUG 72436 --- [auth-service] [nio-8081-exec-7] w.c.HttpSessionSecurityContextRepository : Stored SecurityContextImpl [Authentication=OAuth2AuthenticationToken [Principal=Name: [32478730], Granted Authorities: [[OAUTH2_USER, SCOPE_user:email]], User Attributes: [{login=shivangshukla7020, id=32478730, node_id=MDQ6VXNlcjMyNDc4NzMw, avatar_url=https://avatars.githubusercontent.com/u/32478730?v=4, gravatar_id=, url=https://api.github.com/users/shivangshukla7020, html_url=https://github.com/shivangshukla7020, followers_url=https://api.github.com/users/shivangshukla7020/followers, following_url=https://api.github.com/users/shivangshukla7020/following{/other_user}, gists_url=https://api.github.com/users/shivangshukla7020/gists{/gist_id}, starred_url=https://api.github.com/users/shivangshukla7020/starred{/owner}{/repo}, subscriptions_url=https://api.github.com/users/shivangshukla7020/subscriptions, organizations_url=https://api.github.com/users/shivangshukla7020/orgs, repos_url=https://api.github.com/users/shivangshukla7020/repos, events_url=https://api.github.com/users/shivangshukla7020/events{/privacy}, received_events_url=https://api.github.com/users/shivangshukla7020/received_events, type=User, user_view_type=public, site_admin=false, name=Shivang Shukla, company=null, blog=, location=India, email=shivang.shukla_cs22@gla.ac.in, hireable=null, bio=I can write as many amazing lines of code as possible to run helpful software, towards my graduation in computer science and a part time video editor., twitter_username=null, notification_email=shivang.shukla_cs22@gla.ac.in, public_repos=36, public_gists=0, followers=5, following=3, created_at=2017-10-03T07:51:30Z, updated_at=2026-04-13T19:23:56Z}], Credentials=[PROTECTED], Authenticated=true, Details=WebAuthenticationDetails [RemoteIpAddress=[0:0:0:0:0:0:0:1], SessionId=68008D0D8358AED4A3C5FBEA52724EE6], Granted Authorities=[OAUTH2_USER, SCOPE_user:email]]] to HttpSession [org.apache.catalina.session.StandardSessionFacade@58d80c6f]
2026-04-14T02:35:25.356+05:30 DEBUG 72436 --- [auth-service] [nio-8081-exec-7] .s.o.c.w.OAuth2LoginAuthenticationFilter : Set SecurityContextHolder to OAuth2AuthenticationToken [Principal=Name: [32478730], Granted Authorities: [[OAUTH2_USER, SCOPE_user:email]], User Attributes: [{login=shivangshukla7020, id=32478730, node_id=MDQ6VXNlcjMyNDc4NzMw, avatar_url=https://avatars.githubusercontent.com/u/32478730?v=4, gravatar_id=, url=https://api.github.com/users/shivangshukla7020, html_url=https://github.com/shivangshukla7020, followers_url=https://api.github.com/users/shivangshukla7020/followers, following_url=https://api.github.com/users/shivangshukla7020/following{/other_user}, gists_url=https://api.github.com/users/shivangshukla7020/gists{/gist_id}, starred_url=https://api.github.com/users/shivangshukla7020/starred{/owner}{/repo}, subscriptions_url=https://api.github.com/users/shivangshukla7020/subscriptions, organizations_url=https://api.github.com/users/shivangshukla7020/orgs, repos_url=https://api.github.com/users/shivangshukla7020/repos, events_url=https://api.github.com/users/shivangshukla7020/events{/privacy}, received_events_url=https://api.github.com/users/shivangshukla7020/received_events, type=User, user_view_type=public, site_admin=false, name=Shivang Shukla, company=null, blog=, location=India, email=shivang.shukla_cs22@gla.ac.in, hireable=null, bio=I can write as many amazing lines of code as possible to run helpful software, towards my graduation in computer science and a part time video editor., twitter_username=null, notification_email=shivang.shukla_cs22@gla.ac.in, public_repos=36, public_gists=0, followers=5, following=3, created_at=2017-10-03T07:51:30Z, updated_at=2026-04-13T19:23:56Z}], Credentials=[PROTECTED], Authenticated=true, Details=WebAuthenticationDetails [RemoteIpAddress=[0:0:0:0:0:0:0:1], SessionId=68008D0D8358AED4A3C5FBEA52724EE6], Granted Authorities=[OAUTH2_USER, SCOPE_user:email]]
Hibernate: 
    select
        uc1_0.id,
        uc1_0.active,
        uc1_0.created_at,
        uc1_0.email,
        uc1_0.last_login_at,
        uc1_0.mobile_number,
        uc1_0.password,
        uc1_0.provider,
        uc1_0.role 
    from
        user_credentials uc1_0 
    where
        uc1_0.email=?
Hibernate: 
    select
        rt1_0.id,
        rt1_0.expiry_date,
        rt1_0.token,
        rt1_0.user_id 
    from
        refresh_tokens rt1_0 
    where
        rt1_0.user_id=?
Hibernate: 
    select
        rt1_0.id,
        rt1_0.expiry_date,
        rt1_0.token,
        rt1_0.user_id 
    from
        refresh_tokens rt1_0 
    where
        rt1_0.id=?
Hibernate: 
    insert 
    into
        refresh_tokens
        (expiry_date, token, user_id, id) 
    values
        (?, ?, ?, ?)
Hibernate: 
    delete 
    from
        refresh_tokens 
    where
        id=?
2026-04-14T02:35:25.502+05:30 DEBUG 72436 --- [auth-service] [nio-8081-exec-5] o.s.security.web.FilterChainProxy        : Securing GET /auth/validate
2026-04-14T02:35:25.525+05:30 DEBUG 72436 --- [auth-service] [nio-8081-exec-5] w.c.HttpSessionSecurityContextRepository : Stored SecurityContextImpl [Authentication=UsernamePasswordAuthenticationToken [Principal=shivang.shukla_cs22@gla.ac.in, Credentials=[PROTECTED], Authenticated=true, Details=WebAuthenticationDetails [RemoteIpAddress=[0:0:0:0:0:0:0:1], SessionId=null], Granted Authorities=[ROLE_CANDIDATE]]] to HttpSession [org.apache.catalina.session.StandardSessionFacade@35974dae]
2026-04-14T02:35:25.527+05:30 DEBUG 72436 --- [auth-service] [nio-8081-exec-5] o.s.security.web.FilterChainProxy        : Secured GET /auth/validate
2026-04-14T02:35:25.563+05:30 DEBUG 72436 --- [auth-service] [nio-8081-exec-8] o.s.security.web.FilterChainProxy        : Securing GET /auth/validate
2026-04-14T02:35:25.578+05:30 DEBUG 72436 --- [auth-service] [nio-8081-exec-8] w.c.HttpSessionSecurityContextRepository : Stored SecurityContextImpl [Authentication=UsernamePasswordAuthenticationToken [Principal=shivang.shukla_cs22@gla.ac.in, Credentials=[PROTECTED], Authenticated=true, Details=WebAuthenticationDetails [RemoteIpAddress=[0:0:0:0:0:0:0:1], SessionId=null], Granted Authorities=[ROLE_CANDIDATE]]] to HttpSession [org.apache.catalina.session.StandardSessionFacade@1270916]
2026-04-14T02:35:25.579+05:30 DEBUG 72436 --- [auth-service] [nio-8081-exec-8] o.s.security.web.FilterChainProxy        : Secured GET /auth/validate
2026-04-14T02:35:48.402+05:30 DEBUG 72436 --- [auth-service] [nio-8081-exec-9] o.s.security.web.FilterChainProxy        : Securing GET /auth/validate
2026-04-14T02:35:48.406+05:30 DEBUG 72436 --- [auth-service] [nio-8081-exec-9] o.s.s.w.a.AnonymousAuthenticationFilter  : Set SecurityContextHolder to anonymous SecurityContext
2026-04-14T02:35:48.407+05:30 DEBUG 72436 --- [auth-service] [nio-8081-exec-9] o.s.security.web.FilterChainProxy        : Secured GET /auth/validate
2026-04-14T02:38:17.889+05:30  INFO 72436 --- [auth-service] [rap-executor-%d] c.n.d.s.r.aws.ConfigClusterResolver      : Resolving eureka endpoints via configuration
