
  .   ____          _            __ _ _
 /\\ / ___'_ __ _ _(_)_ __  __ _ \ \ \ \
( ( )\___ | '_ | '_| | '_ \/ _` | \ \ \ \
 \\/  ___)| |_)| | | | | || (_| |  ) ) ) )
  '  |____| .__|_| |_|_| |_\__, | / / / /
 =========|_|==============|___/=/_/_/_/

 :: Spring Boot ::                (v4.0.5)

2026-04-14T02:27:04.414+05:30  INFO 70886 --- [interview-service] [           main] c.h.i.InterviewMicroserviceApplication   : Starting InterviewMicroserviceApplication v0.0.1-SNAPSHOT using Java 25.0.2 with PID 70886 (/Users/shivang.shukla/Desktop/Alan/HireConnect---Job-Platform/interview-microservice/target/interview-microservice-0.0.1-SNAPSHOT.jar started by shivang.shukla in /Users/shivang.shukla/Desktop/Alan/HireConnect---Job-Platform/interview-microservice)
2026-04-14T02:27:04.420+05:30  INFO 70886 --- [interview-service] [           main] c.h.i.InterviewMicroserviceApplication   : No active profile set, falling back to 1 default profile: "default"
2026-04-14T02:27:08.304+05:30  INFO 70886 --- [interview-service] [           main] .s.d.r.c.RepositoryConfigurationDelegate : Bootstrapping Spring Data JPA repositories in DEFAULT mode.
2026-04-14T02:27:08.730+05:30  INFO 70886 --- [interview-service] [           main] .s.d.r.c.RepositoryConfigurationDelegate : Finished Spring Data repository scanning in 406 ms. Found 1 JPA repository interface.
2026-04-14T02:27:10.055+05:30  INFO 70886 --- [interview-service] [           main] o.s.cloud.context.scope.GenericScope     : BeanFactory id=613d9ff0-db3e-36fd-9e62-a7538ab21fff
2026-04-14T02:27:11.176+05:30  INFO 70886 --- [interview-service] [           main] o.s.boot.tomcat.TomcatWebServer          : Tomcat initialized with port 8085 (http)
2026-04-14T02:27:11.198+05:30  INFO 70886 --- [interview-service] [           main] o.apache.catalina.core.StandardService   : Starting service [Tomcat]
2026-04-14T02:27:11.198+05:30  INFO 70886 --- [interview-service] [           main] o.apache.catalina.core.StandardEngine    : Starting Servlet engine: [Apache Tomcat/11.0.20]
2026-04-14T02:27:11.253+05:30  INFO 70886 --- [interview-service] [           main] b.w.c.s.WebApplicationContextInitializer : Root WebApplicationContext: initialization completed in 6648 ms
2026-04-14T02:27:12.166+05:30  INFO 70886 --- [interview-service] [           main] org.hibernate.orm.jpa                    : HHH008540: Processing PersistenceUnitInfo [name: default]
2026-04-14T02:27:12.272+05:30  INFO 70886 --- [interview-service] [           main] org.hibernate.orm.core                   : HHH000001: Hibernate ORM core version 7.2.7.Final
2026-04-14T02:27:13.483+05:30  INFO 70886 --- [interview-service] [           main] o.s.o.j.p.SpringPersistenceUnitInfo      : No LoadTimeWeaver setup: ignoring JPA class transformer
2026-04-14T02:27:13.534+05:30  INFO 70886 --- [interview-service] [           main] com.zaxxer.hikari.HikariDataSource       : HikariPool-1 - Starting...
2026-04-14T02:27:14.384+05:30  INFO 70886 --- [interview-service] [           main] com.zaxxer.hikari.pool.HikariPool        : HikariPool-1 - Added connection com.mysql.cj.jdbc.ConnectionImpl@14f254f
2026-04-14T02:27:14.392+05:30  INFO 70886 --- [interview-service] [           main] com.zaxxer.hikari.HikariDataSource       : HikariPool-1 - Start completed.
2026-04-14T02:27:14.497+05:30  WARN 70886 --- [interview-service] [           main] org.hibernate.orm.deprecation            : HHH90000025: MySQLDialect does not need to be specified explicitly using 'hibernate.dialect' (remove the property setting and it will be selected by default)
2026-04-14T02:27:14.575+05:30  INFO 70886 --- [interview-service] [           main] org.hibernate.orm.connections.pooling    : HHH10001005: Database info:
	Database JDBC URL [jdbc:mysql://localhost:3306/hireconnect_interview]
	Database driver: MySQL Connector/J
	Database dialect: MySQLDialect
	Database version: 9.6
	Default catalog/schema: hireconnect_interview/undefined
	Autocommit mode: undefined/unknown
	Isolation level: REPEATABLE_READ [default REPEATABLE_READ]
	JDBC fetch size: none
	Pool: DataSourceConnectionProvider
	Minimum pool size: undefined/unknown
	Maximum pool size: undefined/unknown
2026-04-14T02:27:16.315+05:30  INFO 70886 --- [interview-service] [           main] org.hibernate.orm.core                   : HHH000489: No JTA platform available (set 'hibernate.transaction.jta.platform' to enable JTA platform integration)
2026-04-14T02:27:16.416+05:30  INFO 70886 --- [interview-service] [           main] j.LocalContainerEntityManagerFactoryBean : Initialized JPA EntityManagerFactory for persistence unit 'default'
2026-04-14T02:27:16.677+05:30  INFO 70886 --- [interview-service] [           main] o.s.d.j.r.query.QueryEnhancerFactories   : Hibernate is in classpath; If applicable, HQL parser will be used.
2026-04-14T02:27:17.575+05:30  WARN 70886 --- [interview-service] [           main] JpaBaseConfiguration$JpaWebConfiguration : spring.jpa.open-in-view is enabled by default. Therefore, database queries may be performed during view rendering. Explicitly configure spring.jpa.open-in-view to disable this warning
2026-04-14T02:27:17.808+05:30  WARN 70886 --- [interview-service] [           main] .s.a.UserDetailsServiceAutoConfiguration : 

Using generated security password: 70e8acad-8e7c-4a28-923d-9196c6e2f8f3

This generated password is for development use only. Your security configuration must be updated before running your application in production.

2026-04-14T02:27:17.821+05:30  INFO 70886 --- [interview-service] [           main] r$InitializeUserDetailsManagerConfigurer : Global AuthenticationManager configured with UserDetailsService bean with name inMemoryUserDetailsManager
2026-04-14T02:27:18.102+05:30 DEBUG 70886 --- [interview-service] [           main] o.s.s.web.DefaultSecurityFilterChain     : Will secure any request with filters: DisableEncodeUrlFilter, WebAsyncManagerIntegrationFilter, SecurityContextHolderFilter, HeaderWriterFilter, LogoutFilter, JwtAuthenticationFilter, RequestCacheAwareFilter, SecurityContextHolderAwareRequestFilter, AnonymousAuthenticationFilter, SessionManagementFilter, ExceptionTranslationFilter, AuthorizationFilter
2026-04-14T02:27:19.948+05:30  INFO 70886 --- [interview-service] [           main] DiscoveryClientOptionalArgsConfiguration : Eureka HTTP Client uses RestClient.
2026-04-14T02:27:20.066+05:30  WARN 70886 --- [interview-service] [           main] iguration$LoadBalancerCaffeineWarnLogger : Spring Cloud LoadBalancer is currently working with the default cache. While this cache implementation is useful for development and tests, it's recommended to use Caffeine cache in production.You can switch to using Caffeine cache, by adding it and org.springframework.cache.caffeine.CaffeineCacheManager to the classpath.
2026-04-14T02:27:20.079+05:30  INFO 70886 --- [interview-service] [           main] o.s.b.a.e.web.EndpointLinksResolver      : Exposing 3 endpoints beneath base path '/actuator'
2026-04-14T02:27:20.238+05:30  INFO 70886 --- [interview-service] [           main] o.s.c.n.eureka.InstanceInfoFactory       : Setting initial instance status as: STARTING
2026-04-14T02:27:20.298+05:30  INFO 70886 --- [interview-service] [           main] com.netflix.discovery.DiscoveryClient    : Initializing Eureka in region us-east-1
2026-04-14T02:27:20.309+05:30  INFO 70886 --- [interview-service] [           main] c.n.d.s.r.aws.ConfigClusterResolver      : Resolving eureka endpoints via configuration
2026-04-14T02:27:20.334+05:30  INFO 70886 --- [interview-service] [           main] com.netflix.discovery.DiscoveryClient    : Disable delta property : false
2026-04-14T02:27:20.334+05:30  INFO 70886 --- [interview-service] [           main] com.netflix.discovery.DiscoveryClient    : Single vip registry refresh property : null
2026-04-14T02:27:20.335+05:30  INFO 70886 --- [interview-service] [           main] com.netflix.discovery.DiscoveryClient    : Force full registry fetch : false
2026-04-14T02:27:20.335+05:30  INFO 70886 --- [interview-service] [           main] com.netflix.discovery.DiscoveryClient    : Application is null : false
2026-04-14T02:27:20.335+05:30  INFO 70886 --- [interview-service] [           main] com.netflix.discovery.DiscoveryClient    : Registered Applications size is zero : true
2026-04-14T02:27:20.335+05:30  INFO 70886 --- [interview-service] [           main] com.netflix.discovery.DiscoveryClient    : Application version is -1: true
2026-04-14T02:27:20.335+05:30  INFO 70886 --- [interview-service] [           main] com.netflix.discovery.DiscoveryClient    : Getting all instance registry info from the eureka server
2026-04-14T02:27:21.218+05:30  INFO 70886 --- [interview-service] [           main] com.netflix.discovery.DiscoveryClient    : The response status is 200
2026-04-14T02:27:21.222+05:30  INFO 70886 --- [interview-service] [           main] com.netflix.discovery.DiscoveryClient    : Starting heartbeat executor: renew interval is: 30
2026-04-14T02:27:21.227+05:30  INFO 70886 --- [interview-service] [           main] c.n.discovery.InstanceInfoReplicator     : InstanceInfoReplicator onDemand update allowed rate per min is 4
2026-04-14T02:27:21.229+05:30  INFO 70886 --- [interview-service] [           main] com.netflix.discovery.DiscoveryClient    : Discovery Client initialized at timestamp 1776113841228 with initial instances count: 9
2026-04-14T02:27:21.241+05:30  INFO 70886 --- [interview-service] [           main] o.s.c.n.e.s.EurekaServiceRegistry        : Registering application INTERVIEW-SERVICE with eureka with status UP
2026-04-14T02:27:21.242+05:30  INFO 70886 --- [interview-service] [           main] com.netflix.discovery.DiscoveryClient    : Saw local status change event StatusChangeEvent [timestamp=1776113841242, current=UP, previous=STARTING]
2026-04-14T02:27:21.247+05:30  INFO 70886 --- [interview-service] [foReplicator-%d] com.netflix.discovery.DiscoveryClient    : DiscoveryClient_INTERVIEW-SERVICE/interview-service:8085: registering service...
2026-04-14T02:27:21.266+05:30  INFO 70886 --- [interview-service] [           main] o.s.boot.tomcat.TomcatWebServer          : Tomcat started on port 8085 (http) with context path '/'
2026-04-14T02:27:21.267+05:30  INFO 70886 --- [interview-service] [           main] .s.c.n.e.s.EurekaAutoServiceRegistration : Updating port to 8085
2026-04-14T02:27:21.297+05:30  INFO 70886 --- [interview-service] [           main] c.h.i.InterviewMicroserviceApplication   : Started InterviewMicroserviceApplication in 18.423 seconds (process running for 19.647)
2026-04-14T02:27:21.372+05:30  INFO 70886 --- [interview-service] [foReplicator-%d] com.netflix.discovery.DiscoveryClient    : DiscoveryClient_INTERVIEW-SERVICE/interview-service:8085 - registration status: 204
2026-04-14T02:27:21.428+05:30  WARN 70886 --- [interview-service] [           main] o.s.core.events.SpringDocAppInitializer  : SpringDoc /v3/api-docs endpoint is enabled by default. To disable it in production, set the property 'springdoc.api-docs.enabled=false'
2026-04-14T02:27:21.428+05:30  WARN 70886 --- [interview-service] [           main] o.s.core.events.SpringDocAppInitializer  : SpringDoc /swagger-ui.html endpoint is enabled by default. To disable it in production, set the property 'springdoc.swagger-ui.enabled=false'
2026-04-14T02:27:21.780+05:30  INFO 70886 --- [interview-service] [nio-8085-exec-1] o.a.c.c.C.[Tomcat].[localhost].[/]       : Initializing Spring DispatcherServlet 'dispatcherServlet'
2026-04-14T02:27:21.781+05:30  INFO 70886 --- [interview-service] [nio-8085-exec-1] o.s.web.servlet.DispatcherServlet        : Initializing Servlet 'dispatcherServlet'
2026-04-14T02:27:21.783+05:30  INFO 70886 --- [interview-service] [nio-8085-exec-1] o.s.web.servlet.DispatcherServlet        : Completed initialization in 2 ms
2026-04-14T02:27:21.811+05:30 DEBUG 70886 --- [interview-service] [nio-8085-exec-1] o.s.security.web.FilterChainProxy        : Securing GET /actuator/health
2026-04-14T02:27:21.831+05:30 DEBUG 70886 --- [interview-service] [nio-8085-exec-1] o.s.s.w.a.AnonymousAuthenticationFilter  : Set SecurityContextHolder to anonymous SecurityContext
2026-04-14T02:27:21.842+05:30 DEBUG 70886 --- [interview-service] [nio-8085-exec-1] o.s.s.w.a.Http403ForbiddenEntryPoint     : Pre-authenticated entry point called. Rejecting access
2026-04-14T02:27:21.850+05:30 DEBUG 70886 --- [interview-service] [nio-8085-exec-1] o.s.security.web.FilterChainProxy        : Securing GET /error
2026-04-14T02:27:21.852+05:30 DEBUG 70886 --- [interview-service] [nio-8085-exec-1] o.s.s.w.a.AnonymousAuthenticationFilter  : Set SecurityContextHolder to anonymous SecurityContext
2026-04-14T02:27:21.852+05:30 DEBUG 70886 --- [interview-service] [nio-8085-exec-1] o.s.s.w.a.Http403ForbiddenEntryPoint     : Pre-authenticated entry point called. Rejecting access
2026-04-14T02:32:20.343+05:30  INFO 70886 --- [interview-service] [rap-executor-%d] c.n.d.s.r.aws.ConfigClusterResolver      : Resolving eureka endpoints via configuration
2026-04-14T02:37:20.361+05:30  INFO 70886 --- [interview-service] [rap-executor-%d] c.n.d.s.r.aws.ConfigClusterResolver      : Resolving eureka endpoints via configuration
